<?xml version="1.0" encoding="UTF-8"?>
<!-- Generated by org.testng.reporters.JUnitXMLReporter -->
<testsuite ignored="0" hostname="LTIN384944" failures="0" tests="6" name="Test" time="5.221" errors="0" timestamp="2022-11-18T13:40:34 IST">
  <testcase classname="testAPIMethods.Assignment_GetAllEmployees" name="GetAllEmployees" time="1.867"/>
  <testcase classname="testAPIMethods.Assignment_GetSingleEmployee" name="getSingleEmployee" time="0.194"/>
  <testcase classname="testAPIMethods.Assignment_Post" name="postDetails" time="0.845"/>
  <testcase classname="testAPIMethods.Assignment_Put" name="putDetails" time="0.733"/>
  <testcase classname="testAPIMethods.Assignment_Patch" name="patchDetails" time="0.799"/>
  <testcase classname="testAPIMethods.Assignment_Delete" name="deleteRequest" time="0.74"/>
</testsuite> <!-- Test -->
