<?xml version="1.0" encoding="UTF-8"?>
<testng-results ignored="0" total="6" passed="6" failed="0" skipped="0">
  <reporter-output>
  </reporter-output>
  <suite started-at="2022-11-18T13:40:29 IST" name="Suite" finished-at="2022-11-18T13:40:34 IST" duration-ms="5221">
    <groups>
    </groups>
    <test started-at="2022-11-18T13:40:29 IST" name="Test" finished-at="2022-11-18T13:40:34 IST" duration-ms="5221">
      <class name="testAPIMethods.Assignment_Delete">
        <test-method signature="deleteRequest()[pri:0, instance:testAPIMethods.Assignment_Delete@10e92f8f]" started-at="2022-11-18T13:40:33 IST" name="deleteRequest" finished-at="2022-11-18T13:40:34 IST" duration-ms="740" status="PASS">
          <reporter-output>
          </reporter-output>
        </test-method> <!-- deleteRequest -->
      </class> <!-- testAPIMethods.Assignment_Delete -->
      <class name="testAPIMethods.Assignment_Patch">
        <test-method signature="patchDetails()[pri:0, instance:testAPIMethods.Assignment_Patch@6ef888f6]" started-at="2022-11-18T13:40:32 IST" name="patchDetails" finished-at="2022-11-18T13:40:33 IST" duration-ms="799" status="PASS">
          <reporter-output>
          </reporter-output>
        </test-method> <!-- patchDetails -->
      </class> <!-- testAPIMethods.Assignment_Patch -->
      <class name="testAPIMethods.Assignment_GetSingleEmployee">
        <test-method signature="getSingleEmployee()[pri:0, instance:testAPIMethods.Assignment_GetSingleEmployee@7880cdf3]" started-at="2022-11-18T13:40:31 IST" name="getSingleEmployee" finished-at="2022-11-18T13:40:31 IST" duration-ms="194" status="PASS">
          <reporter-output>
          </reporter-output>
        </test-method> <!-- getSingleEmployee -->
      </class> <!-- testAPIMethods.Assignment_GetSingleEmployee -->
      <class name="testAPIMethods.Assignment_GetAllEmployees">
        <test-method signature="GetAllEmployees()[pri:0, instance:testAPIMethods.Assignment_GetAllEmployees@3c22fc4c]" started-at="2022-11-18T13:40:29 IST" name="GetAllEmployees" finished-at="2022-11-18T13:40:31 IST" duration-ms="1867" status="PASS">
          <reporter-output>
          </reporter-output>
        </test-method> <!-- GetAllEmployees -->
      </class> <!-- testAPIMethods.Assignment_GetAllEmployees -->
      <class name="testAPIMethods.Assignment_Put">
        <test-method signature="putDetails()[pri:0, instance:testAPIMethods.Assignment_Put@1c93084c]" started-at="2022-11-18T13:40:32 IST" name="putDetails" finished-at="2022-11-18T13:40:32 IST" duration-ms="733" status="PASS">
          <reporter-output>
          </reporter-output>
        </test-method> <!-- putDetails -->
      </class> <!-- testAPIMethods.Assignment_Put -->
      <class name="testAPIMethods.Assignment_Post">
        <test-method signature="postDetails()[pri:0, instance:testAPIMethods.Assignment_Post@5be6e01c]" started-at="2022-11-18T13:40:31 IST" name="postDetails" finished-at="2022-11-18T13:40:32 IST" duration-ms="845" status="PASS">
          <reporter-output>
          </reporter-output>
        </test-method> <!-- postDetails -->
      </class> <!-- testAPIMethods.Assignment_Post -->
    </test> <!-- Test -->
  </suite> <!-- Suite -->
</testng-results>
